{"/Users/mike/Projects/structure-id/src/hash.ts": {"path":"/Users/mike/Projects/structure-id/src/hash.ts","all":false,"statementMap":{"0":{"start":{"line":1,"column":0},"end":{"line":1,"column":29}},"1":{"start":{"line":2,"column":0},"end":{"line":2,"column":21}},"2":{"start":{"line":3,"column":0},"end":{"line":3,"column":18}},"3":{"start":{"line":4,"column":0},"end":{"line":4,"column":10}},"12":{"start":{"line":13,"column":0},"end":{"line":13,"column":75}},"13":{"start":{"line":14,"column":0},"end":{"line":14,"column":15}},"14":{"start":{"line":15,"column":0},"end":{"line":15,"column":77}},"15":{"start":{"line":16,"column":0},"end":{"line":16,"column":29}},"16":{"start":{"line":17,"column":0},"end":{"line":17,"column":3}},"17":{"start":{"line":18,"column":0},"end":{"line":18,"column":21}},"18":{"start":{"line":19,"column":0},"end":{"line":19,"column":27}},"19":{"start":{"line":20,"column":0},"end":{"line":20,"column":3}},"20":{"start":{"line":21,"column":0},"end":{"line":21,"column":2}},"21":{"start":{"line":22,"column":0},"end":{"line":22,"column":60}},"22":{"start":{"line":23,"column":0},"end":{"line":23,"column":1}},"24":{"start":{"line":25,"column":0},"end":{"line":25,"column":50}},"25":{"start":{"line":26,"column":0},"end":{"line":26,"column":15}},"26":{"start":{"line":27,"column":0},"end":{"line":27,"column":22}},"27":{"start":{"line":28,"column":0},"end":{"line":28,"column":22}},"28":{"start":{"line":29,"column":0},"end":{"line":29,"column":14}},"29":{"start":{"line":30,"column":0},"end":{"line":30,"column":14}},"30":{"start":{"line":31,"column":0},"end":{"line":31,"column":12}},"31":{"start":{"line":32,"column":0},"end":{"line":32,"column":21}},"33":{"start":{"line":34,"column":0},"end":{"line":34,"column":16}},"36":{"start":{"line":37,"column":0},"end":{"line":37,"column":43}},"37":{"start":{"line":38,"column":0},"end":{"line":38,"column":24}},"38":{"start":{"line":39,"column":0},"end":{"line":39,"column":36}},"41":{"start":{"line":42,"column":0},"end":{"line":42,"column":36}},"42":{"start":{"line":43,"column":0},"end":{"line":43,"column":9}},"43":{"start":{"line":44,"column":0},"end":{"line":44,"column":16}},"44":{"start":{"line":45,"column":0},"end":{"line":45,"column":27}},"45":{"start":{"line":46,"column":0},"end":{"line":46,"column":28}},"46":{"start":{"line":47,"column":0},"end":{"line":47,"column":26}},"48":{"start":{"line":49,"column":0},"end":{"line":49,"column":22}},"49":{"start":{"line":50,"column":0},"end":{"line":50,"column":35}},"50":{"start":{"line":51,"column":0},"end":{"line":51,"column":22}},"52":{"start":{"line":53,"column":0},"end":{"line":53,"column":11}},"53":{"start":{"line":54,"column":0},"end":{"line":54,"column":44}},"54":{"start":{"line":55,"column":0},"end":{"line":55,"column":31}},"55":{"start":{"line":56,"column":0},"end":{"line":56,"column":2}},"58":{"start":{"line":59,"column":0},"end":{"line":59,"column":10}},"59":{"start":{"line":60,"column":0},"end":{"line":60,"column":36}},"60":{"start":{"line":61,"column":0},"end":{"line":61,"column":27}},"62":{"start":{"line":63,"column":0},"end":{"line":63,"column":23}},"63":{"start":{"line":64,"column":0},"end":{"line":64,"column":29}},"64":{"start":{"line":65,"column":0},"end":{"line":65,"column":2}},"65":{"start":{"line":66,"column":0},"end":{"line":66,"column":22}},"66":{"start":{"line":67,"column":0},"end":{"line":67,"column":28}},"67":{"start":{"line":68,"column":0},"end":{"line":68,"column":2}},"68":{"start":{"line":69,"column":0},"end":{"line":69,"column":22}},"69":{"start":{"line":70,"column":0},"end":{"line":70,"column":19}},"70":{"start":{"line":71,"column":0},"end":{"line":71,"column":22}},"71":{"start":{"line":72,"column":0},"end":{"line":72,"column":35}},"72":{"start":{"line":73,"column":0},"end":{"line":73,"column":22}},"73":{"start":{"line":74,"column":0},"end":{"line":74,"column":11}},"74":{"start":{"line":75,"column":0},"end":{"line":75,"column":2}},"77":{"start":{"line":78,"column":0},"end":{"line":78,"column":12}},"78":{"start":{"line":79,"column":0},"end":{"line":79,"column":20}},"79":{"start":{"line":80,"column":0},"end":{"line":80,"column":35}},"80":{"start":{"line":81,"column":0},"end":{"line":81,"column":20}},"81":{"start":{"line":82,"column":0},"end":{"line":82,"column":35}},"82":{"start":{"line":83,"column":0},"end":{"line":83,"column":20}},"84":{"start":{"line":85,"column":0},"end":{"line":85,"column":33}},"85":{"start":{"line":86,"column":0},"end":{"line":86,"column":1}},"87":{"start":{"line":88,"column":0},"end":{"line":88,"column":28}},"88":{"start":{"line":89,"column":0},"end":{"line":89,"column":28}},"89":{"start":{"line":90,"column":0},"end":{"line":90,"column":28}},"90":{"start":{"line":91,"column":0},"end":{"line":91,"column":27}},"91":{"start":{"line":92,"column":0},"end":{"line":92,"column":27}},"93":{"start":{"line":94,"column":0},"end":{"line":94,"column":36}},"100":{"start":{"line":101,"column":0},"end":{"line":101,"column":72}},"101":{"start":{"line":102,"column":0},"end":{"line":102,"column":15}},"102":{"start":{"line":103,"column":0},"end":{"line":103,"column":27}},"104":{"start":{"line":105,"column":0},"end":{"line":105,"column":49}},"105":{"start":{"line":106,"column":0},"end":{"line":106,"column":10}},"106":{"start":{"line":107,"column":0},"end":{"line":107,"column":17}},"128":{"start":{"line":129,"column":0},"end":{"line":129,"column":42}},"129":{"start":{"line":130,"column":0},"end":{"line":130,"column":15}},"131":{"start":{"line":132,"column":0},"end":{"line":132,"column":22}},"132":{"start":{"line":133,"column":0},"end":{"line":133,"column":16}},"133":{"start":{"line":134,"column":0},"end":{"line":134,"column":47}},"134":{"start":{"line":135,"column":0},"end":{"line":135,"column":35}},"135":{"start":{"line":136,"column":0},"end":{"line":136,"column":27}},"136":{"start":{"line":137,"column":0},"end":{"line":137,"column":35}},"137":{"start":{"line":138,"column":0},"end":{"line":138,"column":3}},"162":{"start":{"line":163,"column":0},"end":{"line":163,"column":18}},"163":{"start":{"line":164,"column":0},"end":{"line":164,"column":29}},"164":{"start":{"line":165,"column":0},"end":{"line":165,"column":14}},"165":{"start":{"line":166,"column":0},"end":{"line":166,"column":65}},"166":{"start":{"line":167,"column":0},"end":{"line":167,"column":19}},"167":{"start":{"line":168,"column":0},"end":{"line":168,"column":44}},"168":{"start":{"line":169,"column":0},"end":{"line":169,"column":44}},"169":{"start":{"line":170,"column":0},"end":{"line":170,"column":67}},"170":{"start":{"line":171,"column":0},"end":{"line":171,"column":47}},"171":{"start":{"line":172,"column":0},"end":{"line":172,"column":35}},"172":{"start":{"line":173,"column":0},"end":{"line":173,"column":28}},"173":{"start":{"line":174,"column":0},"end":{"line":174,"column":26}},"174":{"start":{"line":175,"column":0},"end":{"line":175,"column":76}},"175":{"start":{"line":176,"column":0},"end":{"line":176,"column":26}},"176":{"start":{"line":177,"column":0},"end":{"line":177,"column":3}},"187":{"start":{"line":188,"column":0},"end":{"line":188,"column":7}},"188":{"start":{"line":189,"column":0},"end":{"line":189,"column":41}},"189":{"start":{"line":190,"column":0},"end":{"line":190,"column":41}},"190":{"start":{"line":191,"column":0},"end":{"line":191,"column":42}},"191":{"start":{"line":192,"column":0},"end":{"line":192,"column":43}},"192":{"start":{"line":193,"column":0},"end":{"line":193,"column":13}},"193":{"start":{"line":194,"column":0},"end":{"line":194,"column":2}},"204":{"start":{"line":205,"column":0},"end":{"line":205,"column":41}},"221":{"start":{"line":222,"column":0},"end":{"line":222,"column":32}},"222":{"start":{"line":223,"column":0},"end":{"line":223,"column":39}},"223":{"start":{"line":224,"column":0},"end":{"line":224,"column":18}},"224":{"start":{"line":225,"column":0},"end":{"line":225,"column":43}},"225":{"start":{"line":226,"column":0},"end":{"line":226,"column":43}},"226":{"start":{"line":227,"column":0},"end":{"line":227,"column":65}},"227":{"start":{"line":228,"column":0},"end":{"line":228,"column":34}},"228":{"start":{"line":229,"column":0},"end":{"line":229,"column":34}},"229":{"start":{"line":230,"column":0},"end":{"line":230,"column":7}},"230":{"start":{"line":231,"column":0},"end":{"line":231,"column":70}},"231":{"start":{"line":232,"column":0},"end":{"line":232,"column":13}},"232":{"start":{"line":233,"column":0},"end":{"line":233,"column":2}},"245":{"start":{"line":246,"column":0},"end":{"line":246,"column":38}},"246":{"start":{"line":247,"column":0},"end":{"line":247,"column":24}},"247":{"start":{"line":248,"column":0},"end":{"line":248,"column":30}},"248":{"start":{"line":249,"column":0},"end":{"line":249,"column":34}},"249":{"start":{"line":250,"column":0},"end":{"line":250,"column":7}},"250":{"start":{"line":251,"column":0},"end":{"line":251,"column":70}},"251":{"start":{"line":252,"column":0},"end":{"line":252,"column":13}},"252":{"start":{"line":253,"column":0},"end":{"line":253,"column":2}},"267":{"start":{"line":268,"column":0},"end":{"line":268,"column":25}},"268":{"start":{"line":269,"column":0},"end":{"line":269,"column":6}},"269":{"start":{"line":270,"column":0},"end":{"line":270,"column":47}},"270":{"start":{"line":271,"column":0},"end":{"line":271,"column":36}},"271":{"start":{"line":272,"column":0},"end":{"line":272,"column":25}},"272":{"start":{"line":273,"column":0},"end":{"line":273,"column":6}},"273":{"start":{"line":274,"column":0},"end":{"line":274,"column":47}},"274":{"start":{"line":275,"column":0},"end":{"line":275,"column":36}},"275":{"start":{"line":276,"column":0},"end":{"line":276,"column":25}},"278":{"start":{"line":279,"column":0},"end":{"line":279,"column":68}},"279":{"start":{"line":280,"column":0},"end":{"line":280,"column":1}}},"s":{"0":1,"1":1,"2":1,"3":1,"12":1,"13":44,"14":4,"15":2,"16":2,"17":4,"18":1,"19":1,"20":4,"21":41,"22":41,"24":1,"25":13,"26":13,"27":13,"28":13,"29":13,"30":13,"31":13,"33":13,"36":13,"37":13,"38":13,"41":13,"42":2521,"43":2521,"44":2521,"45":2521,"46":2521,"48":2521,"49":2521,"50":2521,"52":2521,"53":2521,"54":2521,"55":2521,"58":13,"59":13,"60":13,"62":13,"63":7,"64":7,"65":13,"66":7,"67":7,"68":13,"69":10,"70":10,"71":10,"72":10,"73":10,"74":10,"77":13,"78":13,"79":13,"80":13,"81":13,"82":13,"84":13,"85":13,"87":1,"88":1,"89":1,"90":1,"91":1,"93":1,"100":1,"101":60,"102":60,"104":58,"105":2,"106":60,"128":60,"129":60,"131":60,"132":6,"133":6,"134":6,"135":6,"136":6,"137":6,"162":6,"163":6,"164":6,"165":6,"166":2524,"167":2524,"168":2524,"169":2524,"170":2524,"171":2524,"172":2524,"173":2524,"174":2524,"175":2524,"176":2524,"187":6,"188":6,"189":6,"190":6,"191":6,"192":6,"193":6,"204":60,"221":60,"222":60,"223":129,"224":129,"225":129,"226":129,"227":129,"228":129,"229":129,"230":129,"231":129,"232":129,"245":60,"246":74,"247":74,"248":74,"249":74,"250":74,"251":74,"252":74,"267":60,"268":60,"269":60,"270":60,"271":60,"272":60,"273":60,"274":60,"275":60,"278":60,"279":60},"branchMap":{"0":{"type":"branch","line":13,"loc":{"start":{"line":13,"column":20},"end":{"line":23,"column":1}},"locations":[{"start":{"line":13,"column":20},"end":{"line":23,"column":1}}]},"1":{"type":"branch","line":14,"loc":{"start":{"line":14,"column":14},"end":{"line":21,"column":2}},"locations":[{"start":{"line":14,"column":14},"end":{"line":21,"column":2}}]},"2":{"type":"branch","line":15,"loc":{"start":{"line":15,"column":25},"end":{"line":15,"column":76}},"locations":[{"start":{"line":15,"column":25},"end":{"line":15,"column":76}}]},"3":{"type":"branch","line":15,"loc":{"start":{"line":15,"column":76},"end":{"line":18,"column":20}},"locations":[{"start":{"line":15,"column":76},"end":{"line":18,"column":20}}]},"4":{"type":"branch","line":18,"loc":{"start":{"line":18,"column":20},"end":{"line":20,"column":3}},"locations":[{"start":{"line":18,"column":20},"end":{"line":20,"column":3}}]},"5":{"type":"branch","line":21,"loc":{"start":{"line":21,"column":1},"end":{"line":23,"column":1}},"locations":[{"start":{"line":21,"column":1},"end":{"line":23,"column":1}}]},"6":{"type":"branch","line":25,"loc":{"start":{"line":25,"column":7},"end":{"line":86,"column":1}},"locations":[{"start":{"line":25,"column":7},"end":{"line":86,"column":1}}]},"7":{"type":"branch","line":42,"loc":{"start":{"line":42,"column":35},"end":{"line":56,"column":2}},"locations":[{"start":{"line":42,"column":35},"end":{"line":56,"column":2}}]},"8":{"type":"branch","line":63,"loc":{"start":{"line":63,"column":22},"end":{"line":65,"column":2}},"locations":[{"start":{"line":63,"column":22},"end":{"line":65,"column":2}}]},"9":{"type":"branch","line":66,"loc":{"start":{"line":66,"column":21},"end":{"line":68,"column":2}},"locations":[{"start":{"line":66,"column":21},"end":{"line":68,"column":2}}]},"10":{"type":"branch","line":69,"loc":{"start":{"line":69,"column":21},"end":{"line":75,"column":2}},"locations":[{"start":{"line":69,"column":21},"end":{"line":75,"column":2}}]},"11":{"type":"branch","line":101,"loc":{"start":{"line":101,"column":7},"end":{"line":280,"column":1}},"locations":[{"start":{"line":101,"column":7},"end":{"line":280,"column":1}}]},"12":{"type":"branch","line":103,"loc":{"start":{"line":103,"column":19},"end":{"line":105,"column":49}},"locations":[{"start":{"line":103,"column":19},"end":{"line":105,"column":49}}]},"13":{"type":"branch","line":105,"loc":{"start":{"line":105,"column":48},"end":{"line":106,"column":10}},"locations":[{"start":{"line":105,"column":48},"end":{"line":106,"column":10}}]},"14":{"type":"branch","line":132,"loc":{"start":{"line":132,"column":21},"end":{"line":194,"column":2}},"locations":[{"start":{"line":132,"column":21},"end":{"line":194,"column":2}}]},"15":{"type":"branch","line":166,"loc":{"start":{"line":166,"column":64},"end":{"line":177,"column":3}},"locations":[{"start":{"line":166,"column":64},"end":{"line":177,"column":3}}]},"16":{"type":"branch","line":223,"loc":{"start":{"line":223,"column":38},"end":{"line":233,"column":2}},"locations":[{"start":{"line":223,"column":38},"end":{"line":233,"column":2}}]},"17":{"type":"branch","line":246,"loc":{"start":{"line":246,"column":37},"end":{"line":253,"column":2}},"locations":[{"start":{"line":246,"column":37},"end":{"line":253,"column":2}}]},"18":{"type":"branch","line":279,"loc":{"start":{"line":279,"column":14},"end":{"line":279,"column":52}},"locations":[{"start":{"line":279,"column":14},"end":{"line":279,"column":52}}]},"19":{"type":"branch","line":279,"loc":{"start":{"line":279,"column":48},"end":{"line":279,"column":68}},"locations":[{"start":{"line":279,"column":48},"end":{"line":279,"column":68}}]}},"b":{"0":[44],"1":[4],"2":[3],"3":[2],"4":[1],"5":[41],"6":[13],"7":[2521],"8":[7],"9":[7],"10":[10],"11":[60],"12":[58],"13":[2],"14":[6],"15":[2524],"16":[129],"17":[74],"18":[22],"19":[38]},"fnMap":{"0":{"name":"hash","decl":{"start":{"line":13,"column":20},"end":{"line":23,"column":1}},"loc":{"start":{"line":13,"column":20},"end":{"line":23,"column":1}},"line":13},"1":{"name":"murmurHash3","decl":{"start":{"line":25,"column":7},"end":{"line":86,"column":1}},"loc":{"start":{"line":25,"column":7},"end":{"line":86,"column":1}},"line":25},"2":{"name":"xxHash32","decl":{"start":{"line":101,"column":7},"end":{"line":280,"column":1}},"loc":{"start":{"line":101,"column":7},"end":{"line":280,"column":1}},"line":101}},"f":{"0":44,"1":13,"2":60}}
,"/Users/mike/Projects/structure-id/src/index.ts": {"path":"/Users/mike/Projects/structure-id/src/index.ts","all":false,"statementMap":{"0":{"start":{"line":1,"column":0},"end":{"line":1,"column":29}},"2":{"start":{"line":3,"column":0},"end":{"line":3,"column":50}},"8":{"start":{"line":9,"column":0},"end":{"line":9,"column":43}},"9":{"start":{"line":10,"column":0},"end":{"line":10,"column":10}},"10":{"start":{"line":11,"column":0},"end":{"line":11,"column":12}},"11":{"start":{"line":12,"column":0},"end":{"line":12,"column":12}},"12":{"start":{"line":13,"column":0},"end":{"line":13,"column":13}},"13":{"start":{"line":14,"column":0},"end":{"line":14,"column":12}},"14":{"start":{"line":15,"column":0},"end":{"line":15,"column":11}},"15":{"start":{"line":16,"column":0},"end":{"line":16,"column":16}},"16":{"start":{"line":17,"column":0},"end":{"line":17,"column":13}},"17":{"start":{"line":18,"column":0},"end":{"line":18,"column":14}},"18":{"start":{"line":19,"column":0},"end":{"line":19,"column":13}},"19":{"start":{"line":20,"column":0},"end":{"line":20,"column":1}},"22":{"start":{"line":23,"column":0},"end":{"line":23,"column":55}},"25":{"start":{"line":26,"column":0},"end":{"line":26,"column":63}},"28":{"start":{"line":29,"column":0},"end":{"line":29,"column":58}},"31":{"start":{"line":32,"column":0},"end":{"line":32,"column":65}},"34":{"start":{"line":35,"column":0},"end":{"line":35,"column":46}},"41":{"start":{"line":42,"column":0},"end":{"line":42,"column":3}},"44":{"start":{"line":45,"column":0},"end":{"line":45,"column":18}},"47":{"start":{"line":48,"column":0},"end":{"line":48,"column":34}},"48":{"start":{"line":49,"column":0},"end":{"line":49,"column":20}},"49":{"start":{"line":50,"column":0},"end":{"line":50,"column":15}},"50":{"start":{"line":51,"column":0},"end":{"line":51,"column":11}},"51":{"start":{"line":52,"column":0},"end":{"line":52,"column":1}},"54":{"start":{"line":55,"column":0},"end":{"line":55,"column":45}},"55":{"start":{"line":56,"column":0},"end":{"line":56,"column":57}},"60":{"start":{"line":61,"column":0},"end":{"line":61,"column":41}},"61":{"start":{"line":62,"column":0},"end":{"line":62,"column":32}},"62":{"start":{"line":63,"column":0},"end":{"line":63,"column":39}},"63":{"start":{"line":64,"column":0},"end":{"line":64,"column":2}},"64":{"start":{"line":65,"column":0},"end":{"line":65,"column":41}},"65":{"start":{"line":66,"column":0},"end":{"line":66,"column":1}},"76":{"start":{"line":77,"column":0},"end":{"line":77,"column":39}},"77":{"start":{"line":78,"column":0},"end":{"line":78,"column":25}},"78":{"start":{"line":79,"column":0},"end":{"line":79,"column":1}},"83":{"start":{"line":84,"column":0},"end":{"line":84,"column":71}},"84":{"start":{"line":85,"column":0},"end":{"line":85,"column":29}},"85":{"start":{"line":86,"column":0},"end":{"line":86,"column":1}},"90":{"start":{"line":91,"column":0},"end":{"line":91,"column":59}},"91":{"start":{"line":92,"column":0},"end":{"line":92,"column":27}},"92":{"start":{"line":93,"column":0},"end":{"line":93,"column":1}},"97":{"start":{"line":98,"column":0},"end":{"line":98,"column":36}},"98":{"start":{"line":99,"column":0},"end":{"line":99,"column":30}},"99":{"start":{"line":100,"column":0},"end":{"line":100,"column":28}},"100":{"start":{"line":101,"column":0},"end":{"line":101,"column":14}},"102":{"start":{"line":103,"column":0},"end":{"line":103,"column":47}},"105":{"start":{"line":106,"column":0},"end":{"line":106,"column":47}},"107":{"start":{"line":108,"column":0},"end":{"line":108,"column":49}},"108":{"start":{"line":109,"column":0},"end":{"line":109,"column":2}},"112":{"start":{"line":113,"column":0},"end":{"line":113,"column":70}},"113":{"start":{"line":114,"column":0},"end":{"line":114,"column":43}},"114":{"start":{"line":115,"column":0},"end":{"line":115,"column":2}},"117":{"start":{"line":118,"column":0},"end":{"line":118,"column":44}},"120":{"start":{"line":121,"column":0},"end":{"line":121,"column":47}},"125":{"start":{"line":126,"column":0},"end":{"line":126,"column":46}},"126":{"start":{"line":127,"column":0},"end":{"line":127,"column":35}},"127":{"start":{"line":128,"column":0},"end":{"line":128,"column":45}},"128":{"start":{"line":129,"column":0},"end":{"line":129,"column":42}},"129":{"start":{"line":130,"column":0},"end":{"line":130,"column":21}},"130":{"start":{"line":131,"column":0},"end":{"line":131,"column":2}},"135":{"start":{"line":136,"column":0},"end":{"line":136,"column":70}},"136":{"start":{"line":137,"column":0},"end":{"line":137,"column":54}},"138":{"start":{"line":139,"column":0},"end":{"line":139,"column":26}},"140":{"start":{"line":141,"column":0},"end":{"line":141,"column":49}},"141":{"start":{"line":142,"column":0},"end":{"line":142,"column":39}},"142":{"start":{"line":143,"column":0},"end":{"line":143,"column":3}},"145":{"start":{"line":146,"column":0},"end":{"line":146,"column":59}},"146":{"start":{"line":147,"column":0},"end":{"line":147,"column":2}},"151":{"start":{"line":152,"column":0},"end":{"line":152,"column":27}},"152":{"start":{"line":153,"column":0},"end":{"line":153,"column":17}},"153":{"start":{"line":154,"column":0},"end":{"line":154,"column":12}},"154":{"start":{"line":155,"column":0},"end":{"line":155,"column":22}},"155":{"start":{"line":156,"column":0},"end":{"line":156,"column":13}},"157":{"start":{"line":158,"column":0},"end":{"line":158,"column":28}},"158":{"start":{"line":159,"column":0},"end":{"line":159,"column":42}},"159":{"start":{"line":160,"column":0},"end":{"line":160,"column":3}},"161":{"start":{"line":162,"column":0},"end":{"line":162,"column":29}},"164":{"start":{"line":165,"column":0},"end":{"line":165,"column":45}},"167":{"start":{"line":168,"column":0},"end":{"line":168,"column":46}},"168":{"start":{"line":169,"column":0},"end":{"line":169,"column":9}},"169":{"start":{"line":170,"column":0},"end":{"line":170,"column":3}},"172":{"start":{"line":173,"column":0},"end":{"line":173,"column":48}},"173":{"start":{"line":174,"column":0},"end":{"line":174,"column":35}},"174":{"start":{"line":175,"column":0},"end":{"line":175,"column":52}},"176":{"start":{"line":177,"column":0},"end":{"line":177,"column":33}},"178":{"start":{"line":179,"column":0},"end":{"line":179,"column":48}},"179":{"start":{"line":180,"column":0},"end":{"line":180,"column":60}},"180":{"start":{"line":181,"column":0},"end":{"line":181,"column":10}},"181":{"start":{"line":182,"column":0},"end":{"line":182,"column":4}},"184":{"start":{"line":185,"column":0},"end":{"line":185,"column":34}},"187":{"start":{"line":188,"column":0},"end":{"line":188,"column":44}},"188":{"start":{"line":189,"column":0},"end":{"line":189,"column":35}},"190":{"start":{"line":191,"column":0},"end":{"line":191,"column":27}},"192":{"start":{"line":193,"column":0},"end":{"line":193,"column":53}},"195":{"start":{"line":196,"column":0},"end":{"line":196,"column":45}},"198":{"start":{"line":199,"column":0},"end":{"line":199,"column":29}},"199":{"start":{"line":200,"column":0},"end":{"line":200,"column":31}},"200":{"start":{"line":201,"column":0},"end":{"line":201,"column":33}},"203":{"start":{"line":204,"column":0},"end":{"line":204,"column":63}},"204":{"start":{"line":205,"column":0},"end":{"line":205,"column":5}},"205":{"start":{"line":206,"column":0},"end":{"line":206,"column":33}},"207":{"start":{"line":208,"column":0},"end":{"line":208,"column":41}},"210":{"start":{"line":211,"column":0},"end":{"line":211,"column":59}},"211":{"start":{"line":212,"column":0},"end":{"line":212,"column":35}},"214":{"start":{"line":215,"column":0},"end":{"line":215,"column":49}},"215":{"start":{"line":216,"column":0},"end":{"line":216,"column":38}},"216":{"start":{"line":217,"column":0},"end":{"line":217,"column":35}},"219":{"start":{"line":220,"column":0},"end":{"line":220,"column":68}},"220":{"start":{"line":221,"column":0},"end":{"line":221,"column":5}},"221":{"start":{"line":222,"column":0},"end":{"line":222,"column":4}},"222":{"start":{"line":223,"column":0},"end":{"line":223,"column":3}},"223":{"start":{"line":224,"column":0},"end":{"line":224,"column":2}},"226":{"start":{"line":227,"column":0},"end":{"line":227,"column":22}},"230":{"start":{"line":231,"column":0},"end":{"line":231,"column":52}},"231":{"start":{"line":232,"column":0},"end":{"line":232,"column":41}},"232":{"start":{"line":233,"column":0},"end":{"line":233,"column":44}},"233":{"start":{"line":234,"column":0},"end":{"line":234,"column":46}},"235":{"start":{"line":236,"column":0},"end":{"line":236,"column":53}},"238":{"start":{"line":239,"column":0},"end":{"line":239,"column":47}},"239":{"start":{"line":240,"column":0},"end":{"line":240,"column":53}},"240":{"start":{"line":241,"column":0},"end":{"line":241,"column":2}},"243":{"start":{"line":244,"column":0},"end":{"line":244,"column":41}},"244":{"start":{"line":245,"column":0},"end":{"line":245,"column":24}},"247":{"start":{"line":248,"column":0},"end":{"line":248,"column":55}},"249":{"start":{"line":250,"column":0},"end":{"line":250,"column":70}},"250":{"start":{"line":251,"column":0},"end":{"line":251,"column":69}},"251":{"start":{"line":252,"column":0},"end":{"line":252,"column":65}},"252":{"start":{"line":253,"column":0},"end":{"line":253,"column":10}},"254":{"start":{"line":255,"column":0},"end":{"line":255,"column":52}},"255":{"start":{"line":256,"column":0},"end":{"line":256,"column":3}},"258":{"start":{"line":259,"column":0},"end":{"line":259,"column":39}},"259":{"start":{"line":260,"column":0},"end":{"line":260,"column":25}},"260":{"start":{"line":261,"column":0},"end":{"line":261,"column":2}},"263":{"start":{"line":264,"column":0},"end":{"line":264,"column":44}},"264":{"start":{"line":265,"column":0},"end":{"line":265,"column":44}},"265":{"start":{"line":266,"column":0},"end":{"line":266,"column":46}},"267":{"start":{"line":268,"column":0},"end":{"line":268,"column":34}},"271":{"start":{"line":272,"column":0},"end":{"line":272,"column":5}},"272":{"start":{"line":273,"column":0},"end":{"line":273,"column":39}},"273":{"start":{"line":274,"column":0},"end":{"line":274,"column":28}},"274":{"start":{"line":275,"column":0},"end":{"line":275,"column":14}},"275":{"start":{"line":276,"column":0},"end":{"line":276,"column":4}},"276":{"start":{"line":277,"column":0},"end":{"line":277,"column":35}},"277":{"start":{"line":278,"column":0},"end":{"line":278,"column":2}},"280":{"start":{"line":281,"column":0},"end":{"line":281,"column":5}},"281":{"start":{"line":282,"column":0},"end":{"line":282,"column":28}},"282":{"start":{"line":283,"column":0},"end":{"line":283,"column":17}},"283":{"start":{"line":284,"column":0},"end":{"line":284,"column":31}},"284":{"start":{"line":285,"column":0},"end":{"line":285,"column":4}},"285":{"start":{"line":286,"column":0},"end":{"line":286,"column":34}},"286":{"start":{"line":287,"column":0},"end":{"line":287,"column":2}},"288":{"start":{"line":289,"column":0},"end":{"line":289,"column":15}},"289":{"start":{"line":290,"column":0},"end":{"line":290,"column":1}},"294":{"start":{"line":295,"column":0},"end":{"line":295,"column":48}},"296":{"start":{"line":297,"column":0},"end":{"line":297,"column":28}},"297":{"start":{"line":298,"column":0},"end":{"line":298,"column":1}},"302":{"start":{"line":303,"column":0},"end":{"line":303,"column":33}},"303":{"start":{"line":304,"column":0},"end":{"line":304,"column":30}},"304":{"start":{"line":305,"column":0},"end":{"line":305,"column":28}},"309":{"start":{"line":310,"column":0},"end":{"line":310,"column":3}},"311":{"start":{"line":312,"column":0},"end":{"line":312,"column":47}},"314":{"start":{"line":315,"column":0},"end":{"line":315,"column":47}},"315":{"start":{"line":316,"column":0},"end":{"line":316,"column":66}},"316":{"start":{"line":317,"column":0},"end":{"line":317,"column":10}},"317":{"start":{"line":318,"column":0},"end":{"line":318,"column":6}},"318":{"start":{"line":319,"column":0},"end":{"line":319,"column":33}},"319":{"start":{"line":320,"column":0},"end":{"line":320,"column":21}},"320":{"start":{"line":321,"column":0},"end":{"line":321,"column":3}},"321":{"start":{"line":322,"column":0},"end":{"line":322,"column":2}},"324":{"start":{"line":325,"column":0},"end":{"line":325,"column":37}},"325":{"start":{"line":326,"column":0},"end":{"line":326,"column":43}},"330":{"start":{"line":331,"column":0},"end":{"line":331,"column":2}},"333":{"start":{"line":334,"column":0},"end":{"line":334,"column":59}},"334":{"start":{"line":335,"column":0},"end":{"line":335,"column":47}},"335":{"start":{"line":336,"column":0},"end":{"line":336,"column":57}},"336":{"start":{"line":337,"column":0},"end":{"line":337,"column":15}},"337":{"start":{"line":338,"column":0},"end":{"line":338,"column":13}},"338":{"start":{"line":339,"column":0},"end":{"line":339,"column":14}},"342":{"start":{"line":343,"column":0},"end":{"line":343,"column":75}},"345":{"start":{"line":346,"column":0},"end":{"line":346,"column":15}},"346":{"start":{"line":347,"column":0},"end":{"line":347,"column":40}},"348":{"start":{"line":349,"column":0},"end":{"line":349,"column":39}},"349":{"start":{"line":350,"column":0},"end":{"line":350,"column":45}},"350":{"start":{"line":351,"column":0},"end":{"line":351,"column":9}},"352":{"start":{"line":353,"column":0},"end":{"line":353,"column":31}},"353":{"start":{"line":354,"column":0},"end":{"line":354,"column":41}},"354":{"start":{"line":355,"column":0},"end":{"line":355,"column":58}},"355":{"start":{"line":356,"column":0},"end":{"line":356,"column":2}},"358":{"start":{"line":359,"column":0},"end":{"line":359,"column":37}},"361":{"start":{"line":362,"column":0},"end":{"line":362,"column":17}},"362":{"start":{"line":363,"column":0},"end":{"line":363,"column":5}},"363":{"start":{"line":364,"column":0},"end":{"line":364,"column":9}},"364":{"start":{"line":365,"column":0},"end":{"line":365,"column":17}},"365":{"start":{"line":366,"column":0},"end":{"line":366,"column":2}},"368":{"start":{"line":369,"column":0},"end":{"line":369,"column":38}},"370":{"start":{"line":371,"column":0},"end":{"line":371,"column":14}},"371":{"start":{"line":372,"column":0},"end":{"line":372,"column":1}},"377":{"start":{"line":378,"column":0},"end":{"line":378,"column":36}},"378":{"start":{"line":379,"column":0},"end":{"line":379,"column":23}},"379":{"start":{"line":380,"column":0},"end":{"line":380,"column":31}},"382":{"start":{"line":383,"column":0},"end":{"line":383,"column":48}},"383":{"start":{"line":384,"column":0},"end":{"line":384,"column":55}},"384":{"start":{"line":385,"column":0},"end":{"line":385,"column":36}},"391":{"start":{"line":392,"column":0},"end":{"line":392,"column":4}},"394":{"start":{"line":395,"column":0},"end":{"line":395,"column":15}},"395":{"start":{"line":396,"column":0},"end":{"line":396,"column":1}},"397":{"start":{"line":398,"column":0},"end":{"line":398,"column":29}},"398":{"start":{"line":399,"column":0},"end":{"line":399,"column":30}},"399":{"start":{"line":400,"column":0},"end":{"line":400,"column":28}},"400":{"start":{"line":401,"column":0},"end":{"line":401,"column":14}},"402":{"start":{"line":403,"column":0},"end":{"line":403,"column":48}},"405":{"start":{"line":406,"column":0},"end":{"line":406,"column":23}},"406":{"start":{"line":407,"column":0},"end":{"line":407,"column":1}},"408":{"start":{"line":409,"column":0},"end":{"line":409,"column":31}},"409":{"start":{"line":410,"column":0},"end":{"line":410,"column":30}},"410":{"start":{"line":411,"column":0},"end":{"line":411,"column":28}},"415":{"start":{"line":416,"column":0},"end":{"line":416,"column":6}},"416":{"start":{"line":417,"column":0},"end":{"line":417,"column":43}},"418":{"start":{"line":419,"column":0},"end":{"line":419,"column":27}},"420":{"start":{"line":421,"column":0},"end":{"line":421,"column":12}},"421":{"start":{"line":422,"column":0},"end":{"line":422,"column":1}}},"s":{"0":1,"2":1,"8":1,"9":1,"10":1,"11":1,"12":1,"13":1,"14":1,"15":1,"16":1,"17":1,"18":1,"19":1,"22":1,"25":1,"28":1,"31":1,"34":1,"41":1,"44":1,"47":1,"48":459,"49":459,"50":459,"51":459,"54":1,"55":733,"60":1,"61":1945,"62":459,"63":459,"64":1945,"65":1945,"76":1,"77":1,"78":1,"83":1,"84":57,"85":57,"90":1,"91":8,"92":8,"97":1,"98":295,"99":295,"100":295,"102":295,"105":295,"107":18,"108":18,"112":295,"113":6,"114":6,"117":271,"120":271,"125":271,"126":1441,"127":1441,"128":1441,"129":1399,"130":1441,"135":271,"136":733,"138":733,"140":691,"141":691,"142":691,"145":42,"146":733,"151":271,"152":1441,"153":1441,"154":1441,"155":1441,"157":1441,"158":901,"159":901,"161":1441,"164":1441,"167":1441,"168":708,"169":708,"172":1441,"173":733,"174":733,"176":733,"178":14,"179":14,"180":14,"181":14,"184":719,"187":719,"188":719,"190":727,"192":677,"195":677,"198":677,"199":1056,"200":1056,"203":1056,"204":1056,"205":733,"207":42,"210":42,"211":42,"214":42,"215":114,"216":114,"219":114,"220":114,"221":42,"222":733,"223":1441,"226":271,"230":271,"231":271,"232":271,"233":271,"235":271,"238":295,"239":271,"240":271,"243":295,"244":37,"247":37,"249":21,"250":21,"251":21,"252":32,"254":16,"255":16,"258":37,"259":37,"260":37,"263":271,"264":271,"265":271,"267":271,"271":271,"272":271,"273":234,"274":234,"275":295,"276":234,"277":234,"280":271,"281":271,"282":271,"283":271,"284":295,"285":4,"286":4,"288":271,"289":271,"294":47,"296":47,"297":47,"302":1,"303":49,"304":49,"309":49,"311":49,"314":49,"315":5,"316":5,"317":5,"318":5,"319":5,"320":5,"321":5,"324":49,"325":2,"330":2,"333":42,"334":10,"335":32,"336":32,"337":32,"338":32,"342":49,"345":49,"346":49,"348":11,"349":11,"350":49,"352":31,"353":31,"354":0,"355":31,"358":42,"361":42,"362":42,"363":42,"364":42,"365":42,"368":42,"370":42,"371":42,"377":1,"378":105,"379":105,"382":105,"383":105,"384":105,"391":105,"394":105,"395":105,"397":1,"398":20,"399":20,"400":20,"402":20,"405":20,"406":20,"408":1,"409":18,"410":18,"415":18,"416":18,"418":18,"420":18,"421":18},"branchMap":{"0":{"type":"branch","line":3,"loc":{"start":{"line":3,"column":16},"end":{"line":3,"column":50}},"locations":[{"start":{"line":3,"column":16},"end":{"line":3,"column":50}}]},"1":{"type":"branch","line":48,"loc":{"start":{"line":48,"column":19},"end":{"line":52,"column":1}},"locations":[{"start":{"line":48,"column":19},"end":{"line":52,"column":1}}]},"2":{"type":"branch","line":55,"loc":{"start":{"line":55,"column":17},"end":{"line":56,"column":57}},"locations":[{"start":{"line":55,"column":17},"end":{"line":56,"column":57}}]},"3":{"type":"branch","line":61,"loc":{"start":{"line":61,"column":15},"end":{"line":66,"column":1}},"locations":[{"start":{"line":61,"column":15},"end":{"line":66,"column":1}}]},"4":{"type":"branch","line":62,"loc":{"start":{"line":62,"column":31},"end":{"line":64,"column":2}},"locations":[{"start":{"line":62,"column":31},"end":{"line":64,"column":2}}]},"5":{"type":"branch","line":84,"loc":{"start":{"line":84,"column":7},"end":{"line":86,"column":1}},"locations":[{"start":{"line":84,"column":7},"end":{"line":86,"column":1}}]},"6":{"type":"branch","line":91,"loc":{"start":{"line":91,"column":7},"end":{"line":93,"column":1}},"locations":[{"start":{"line":91,"column":7},"end":{"line":93,"column":1}}]},"7":{"type":"branch","line":98,"loc":{"start":{"line":98,"column":35},"end":{"line":290,"column":1}},"locations":[{"start":{"line":98,"column":35},"end":{"line":290,"column":1}}]},"8":{"type":"branch","line":103,"loc":{"start":{"line":103,"column":25},"end":{"line":103,"column":47}},"locations":[{"start":{"line":103,"column":25},"end":{"line":103,"column":47}}]},"9":{"type":"branch","line":106,"loc":{"start":{"line":106,"column":20},"end":{"line":106,"column":46}},"locations":[{"start":{"line":106,"column":20},"end":{"line":106,"column":46}}]},"10":{"type":"branch","line":106,"loc":{"start":{"line":106,"column":46},"end":{"line":109,"column":2}},"locations":[{"start":{"line":106,"column":46},"end":{"line":109,"column":2}}]},"11":{"type":"branch","line":108,"loc":{"start":{"line":108,"column":40},"end":{"line":108,"column":47}},"locations":[{"start":{"line":108,"column":40},"end":{"line":108,"column":47}}]},"12":{"type":"branch","line":109,"loc":{"start":{"line":109,"column":1},"end":{"line":113,"column":43}},"locations":[{"start":{"line":109,"column":1},"end":{"line":113,"column":43}}]},"13":{"type":"branch","line":113,"loc":{"start":{"line":113,"column":23},"end":{"line":113,"column":69}},"locations":[{"start":{"line":113,"column":23},"end":{"line":113,"column":69}}]},"14":{"type":"branch","line":113,"loc":{"start":{"line":113,"column":69},"end":{"line":115,"column":2}},"locations":[{"start":{"line":113,"column":69},"end":{"line":115,"column":2}}]},"15":{"type":"branch","line":115,"loc":{"start":{"line":115,"column":1},"end":{"line":239,"column":46}},"locations":[{"start":{"line":115,"column":1},"end":{"line":239,"column":46}}]},"16":{"type":"branch","line":239,"loc":{"start":{"line":239,"column":46},"end":{"line":244,"column":40}},"locations":[{"start":{"line":239,"column":46},"end":{"line":244,"column":40}}]},"17":{"type":"branch","line":244,"loc":{"start":{"line":244,"column":40},"end":{"line":261,"column":2}},"locations":[{"start":{"line":244,"column":40},"end":{"line":261,"column":2}}]},"18":{"type":"branch","line":248,"loc":{"start":{"line":248,"column":54},"end":{"line":256,"column":3}},"locations":[{"start":{"line":248,"column":54},"end":{"line":256,"column":3}}]},"19":{"type":"branch","line":248,"loc":{"start":{"line":248,"column":54},"end":{"line":253,"column":9}},"locations":[{"start":{"line":248,"column":54},"end":{"line":253,"column":9}}]},"20":{"type":"branch","line":251,"loc":{"start":{"line":251,"column":64},"end":{"line":251,"column":69}},"locations":[{"start":{"line":251,"column":64},"end":{"line":251,"column":69}}]},"21":{"type":"branch","line":253,"loc":{"start":{"line":253,"column":2},"end":{"line":256,"column":3}},"locations":[{"start":{"line":253,"column":2},"end":{"line":256,"column":3}}]},"22":{"type":"branch","line":261,"loc":{"start":{"line":261,"column":1},"end":{"line":273,"column":39}},"locations":[{"start":{"line":261,"column":1},"end":{"line":273,"column":39}}]},"23":{"type":"branch","line":273,"loc":{"start":{"line":273,"column":20},"end":{"line":274,"column":28}},"locations":[{"start":{"line":273,"column":20},"end":{"line":274,"column":28}}]},"24":{"type":"branch","line":274,"loc":{"start":{"line":274,"column":17},"end":{"line":275,"column":14}},"locations":[{"start":{"line":274,"column":17},"end":{"line":275,"column":14}}]},"25":{"type":"branch","line":276,"loc":{"start":{"line":276,"column":3},"end":{"line":283,"column":17}},"locations":[{"start":{"line":276,"column":3},"end":{"line":283,"column":17}}]},"26":{"type":"branch","line":276,"loc":{"start":{"line":276,"column":3},"end":{"line":278,"column":2}},"locations":[{"start":{"line":276,"column":3},"end":{"line":278,"column":2}}]},"27":{"type":"branch","line":278,"loc":{"start":{"line":278,"column":1},"end":{"line":283,"column":17}},"locations":[{"start":{"line":278,"column":1},"end":{"line":283,"column":17}}]},"28":{"type":"branch","line":283,"loc":{"start":{"line":283,"column":10},"end":{"line":284,"column":31}},"locations":[{"start":{"line":283,"column":10},"end":{"line":284,"column":31}}]},"29":{"type":"branch","line":285,"loc":{"start":{"line":285,"column":3},"end":{"line":287,"column":2}},"locations":[{"start":{"line":285,"column":3},"end":{"line":287,"column":2}}]},"30":{"type":"branch","line":287,"loc":{"start":{"line":287,"column":1},"end":{"line":290,"column":1}},"locations":[{"start":{"line":287,"column":1},"end":{"line":290,"column":1}}]},"31":{"type":"branch","line":126,"loc":{"start":{"line":126,"column":17},"end":{"line":131,"column":2}},"locations":[{"start":{"line":126,"column":17},"end":{"line":131,"column":2}}]},"32":{"type":"branch","line":127,"loc":{"start":{"line":127,"column":22},"end":{"line":127,"column":35}},"locations":[{"start":{"line":127,"column":22},"end":{"line":127,"column":35}}]},"33":{"type":"branch","line":128,"loc":{"start":{"line":128,"column":27},"end":{"line":128,"column":45}},"locations":[{"start":{"line":128,"column":27},"end":{"line":128,"column":45}}]},"34":{"type":"branch","line":129,"loc":{"start":{"line":129,"column":28},"end":{"line":129,"column":42}},"locations":[{"start":{"line":129,"column":28},"end":{"line":129,"column":42}}]},"35":{"type":"branch","line":129,"loc":{"start":{"line":129,"column":35},"end":{"line":130,"column":21}},"locations":[{"start":{"line":129,"column":35},"end":{"line":130,"column":21}}]},"36":{"type":"branch","line":136,"loc":{"start":{"line":136,"column":28},"end":{"line":147,"column":2}},"locations":[{"start":{"line":136,"column":28},"end":{"line":147,"column":2}}]},"37":{"type":"branch","line":137,"loc":{"start":{"line":137,"column":32},"end":{"line":137,"column":46}},"locations":[{"start":{"line":137,"column":32},"end":{"line":137,"column":46}}]},"38":{"type":"branch","line":137,"loc":{"start":{"line":137,"column":36},"end":{"line":137,"column":54}},"locations":[{"start":{"line":137,"column":36},"end":{"line":137,"column":54}}]},"39":{"type":"branch","line":139,"loc":{"start":{"line":139,"column":25},"end":{"line":143,"column":3}},"locations":[{"start":{"line":139,"column":25},"end":{"line":143,"column":3}}]},"40":{"type":"branch","line":143,"loc":{"start":{"line":143,"column":2},"end":{"line":146,"column":59}},"locations":[{"start":{"line":143,"column":2},"end":{"line":146,"column":59}}]},"41":{"type":"branch","line":152,"loc":{"start":{"line":152,"column":26},"end":{"line":224,"column":2}},"locations":[{"start":{"line":152,"column":26},"end":{"line":224,"column":2}}]},"42":{"type":"branch","line":158,"loc":{"start":{"line":158,"column":27},"end":{"line":160,"column":3}},"locations":[{"start":{"line":158,"column":27},"end":{"line":160,"column":3}}]},"43":{"type":"branch","line":165,"loc":{"start":{"line":165,"column":38},"end":{"line":165,"column":45}},"locations":[{"start":{"line":165,"column":38},"end":{"line":165,"column":45}}]},"44":{"type":"branch","line":168,"loc":{"start":{"line":168,"column":15},"end":{"line":168,"column":45}},"locations":[{"start":{"line":168,"column":15},"end":{"line":168,"column":45}}]},"45":{"type":"branch","line":168,"loc":{"start":{"line":168,"column":45},"end":{"line":173,"column":25}},"locations":[{"start":{"line":168,"column":45},"end":{"line":173,"column":25}}]},"46":{"type":"branch","line":168,"loc":{"start":{"line":168,"column":45},"end":{"line":170,"column":3}},"locations":[{"start":{"line":168,"column":45},"end":{"line":170,"column":3}}]},"47":{"type":"branch","line":170,"loc":{"start":{"line":170,"column":2},"end":{"line":173,"column":25}},"locations":[{"start":{"line":170,"column":2},"end":{"line":173,"column":25}}]},"48":{"type":"branch","line":173,"loc":{"start":{"line":173,"column":20},"end":{"line":173,"column":47}},"locations":[{"start":{"line":173,"column":20},"end":{"line":173,"column":47}}]},"49":{"type":"branch","line":173,"loc":{"start":{"line":173,"column":47},"end":{"line":223,"column":3}},"locations":[{"start":{"line":173,"column":47},"end":{"line":223,"column":3}}]},"50":{"type":"branch","line":177,"loc":{"start":{"line":177,"column":32},"end":{"line":182,"column":4}},"locations":[{"start":{"line":177,"column":32},"end":{"line":182,"column":4}}]},"51":{"type":"branch","line":182,"loc":{"start":{"line":182,"column":3},"end":{"line":206,"column":14}},"locations":[{"start":{"line":182,"column":3},"end":{"line":206,"column":14}}]},"52":{"type":"branch","line":182,"loc":{"start":{"line":182,"column":3},"end":{"line":191,"column":26}},"locations":[{"start":{"line":182,"column":3},"end":{"line":191,"column":26}}]},"53":{"type":"branch","line":191,"loc":{"start":{"line":191,"column":26},"end":{"line":206,"column":14}},"locations":[{"start":{"line":191,"column":26},"end":{"line":206,"column":14}}]},"54":{"type":"branch","line":199,"loc":{"start":{"line":199,"column":28},"end":{"line":205,"column":5}},"locations":[{"start":{"line":199,"column":28},"end":{"line":205,"column":5}}]},"55":{"type":"branch","line":206,"loc":{"start":{"line":206,"column":3},"end":{"line":222,"column":4}},"locations":[{"start":{"line":206,"column":3},"end":{"line":222,"column":4}}]},"56":{"type":"branch","line":215,"loc":{"start":{"line":215,"column":48},"end":{"line":221,"column":5}},"locations":[{"start":{"line":215,"column":48},"end":{"line":221,"column":5}}]},"57":{"type":"branch","line":232,"loc":{"start":{"line":232,"column":10},"end":{"line":232,"column":40}},"locations":[{"start":{"line":232,"column":10},"end":{"line":232,"column":40}}]},"58":{"type":"branch","line":233,"loc":{"start":{"line":233,"column":8},"end":{"line":233,"column":43}},"locations":[{"start":{"line":233,"column":8},"end":{"line":233,"column":43}}]},"59":{"type":"branch","line":234,"loc":{"start":{"line":234,"column":7},"end":{"line":234,"column":45}},"locations":[{"start":{"line":234,"column":7},"end":{"line":234,"column":45}}]},"60":{"type":"branch","line":265,"loc":{"start":{"line":265,"column":8},"end":{"line":265,"column":43}},"locations":[{"start":{"line":265,"column":8},"end":{"line":265,"column":43}}]},"61":{"type":"branch","line":266,"loc":{"start":{"line":266,"column":7},"end":{"line":266,"column":45}},"locations":[{"start":{"line":266,"column":7},"end":{"line":266,"column":45}}]},"62":{"type":"branch","line":295,"loc":{"start":{"line":295,"column":0},"end":{"line":298,"column":1}},"locations":[{"start":{"line":295,"column":0},"end":{"line":298,"column":1}}]},"63":{"type":"branch","line":303,"loc":{"start":{"line":303,"column":7},"end":{"line":372,"column":1}},"locations":[{"start":{"line":303,"column":7},"end":{"line":372,"column":1}}]},"64":{"type":"branch","line":315,"loc":{"start":{"line":315,"column":20},"end":{"line":315,"column":46}},"locations":[{"start":{"line":315,"column":20},"end":{"line":315,"column":46}}]},"65":{"type":"branch","line":315,"loc":{"start":{"line":315,"column":46},"end":{"line":322,"column":2}},"locations":[{"start":{"line":315,"column":46},"end":{"line":322,"column":2}}]},"66":{"type":"branch","line":322,"loc":{"start":{"line":322,"column":1},"end":{"line":325,"column":36}},"locations":[{"start":{"line":322,"column":1},"end":{"line":325,"column":36}}]},"67":{"type":"branch","line":325,"loc":{"start":{"line":325,"column":36},"end":{"line":331,"column":2}},"locations":[{"start":{"line":325,"column":36},"end":{"line":331,"column":2}}]},"68":{"type":"branch","line":331,"loc":{"start":{"line":331,"column":1},"end":{"line":334,"column":59}},"locations":[{"start":{"line":331,"column":1},"end":{"line":334,"column":59}}]},"69":{"type":"branch","line":334,"loc":{"start":{"line":334,"column":58},"end":{"line":335,"column":47}},"locations":[{"start":{"line":334,"column":58},"end":{"line":335,"column":47}}]},"70":{"type":"branch","line":335,"loc":{"start":{"line":335,"column":35},"end":{"line":339,"column":14}},"locations":[{"start":{"line":335,"column":35},"end":{"line":339,"column":14}}]},"71":{"type":"branch","line":343,"loc":{"start":{"line":343,"column":69},"end":{"line":343,"column":75}},"locations":[{"start":{"line":343,"column":69},"end":{"line":343,"column":75}}]},"72":{"type":"branch","line":347,"loc":{"start":{"line":347,"column":39},"end":{"line":351,"column":8}},"locations":[{"start":{"line":347,"column":39},"end":{"line":351,"column":8}}]},"73":{"type":"branch","line":351,"loc":{"start":{"line":351,"column":1},"end":{"line":356,"column":2}},"locations":[{"start":{"line":351,"column":1},"end":{"line":356,"column":2}}]},"74":{"type":"branch","line":354,"loc":{"start":{"line":354,"column":29},"end":{"line":355,"column":58}},"locations":[{"start":{"line":354,"column":29},"end":{"line":355,"column":58}}]},"75":{"type":"branch","line":356,"loc":{"start":{"line":356,"column":1},"end":{"line":372,"column":1}},"locations":[{"start":{"line":356,"column":1},"end":{"line":372,"column":1}}]},"76":{"type":"branch","line":378,"loc":{"start":{"line":378,"column":7},"end":{"line":396,"column":1}},"locations":[{"start":{"line":378,"column":7},"end":{"line":396,"column":1}}]},"77":{"type":"branch","line":398,"loc":{"start":{"line":398,"column":28},"end":{"line":407,"column":1}},"locations":[{"start":{"line":398,"column":28},"end":{"line":407,"column":1}}]},"78":{"type":"branch","line":409,"loc":{"start":{"line":409,"column":30},"end":{"line":422,"column":1}},"locations":[{"start":{"line":409,"column":30},"end":{"line":422,"column":1}}]}},"b":{"0":[38],"1":[459],"2":[733],"3":[1945],"4":[459],"5":[57],"6":[8],"7":[295],"8":[236],"9":[280],"10":[18],"11":[0],"12":[277],"13":[240],"14":[6],"15":[271],"16":[271],"17":[37],"18":[32],"19":[21],"20":[0],"21":[16],"22":[271],"23":[234],"24":[234],"25":[281],"26":[234],"27":[271],"28":[271],"29":[4],"30":[271],"31":[1441],"32":[0],"33":[0],"34":[42],"35":[1399],"36":[733],"37":[42],"38":[691],"39":[691],"40":[42],"41":[1441],"42":[901],"43":[8],"44":[750],"45":[1013],"46":[708],"47":[733],"48":[42],"49":[733],"50":[14],"51":[727],"52":[719],"53":[677],"54":[1056],"55":[42],"56":[114],"57":[901],"58":[365],"59":[630],"60":[630],"61":[901],"62":[47],"63":[49],"64":[45],"65":[5],"66":[44],"67":[2],"68":[42],"69":[10],"70":[32],"71":[33],"72":[11],"73":[31],"74":[0],"75":[42],"76":[105],"77":[20],"78":[18]},"fnMap":{"0":{"name":"compact","decl":{"start":{"line":3,"column":16},"end":{"line":3,"column":50}},"loc":{"start":{"line":3,"column":16},"end":{"line":3,"column":50}},"line":3},"1":{"name":"getNextBit","decl":{"start":{"line":48,"column":19},"end":{"line":52,"column":1}},"loc":{"start":{"line":48,"column":19},"end":{"line":52,"column":1}},"line":48},"2":{"name":"isObject","decl":{"start":{"line":55,"column":17},"end":{"line":56,"column":57}},"loc":{"start":{"line":55,"column":17},"end":{"line":56,"column":57}},"line":55},"3":{"name":"getBit","decl":{"start":{"line":61,"column":15},"end":{"line":66,"column":1}},"loc":{"start":{"line":61,"column":15},"end":{"line":66,"column":1}},"line":61},"4":{"name":"setStructureIdConfig","decl":{"start":{"line":84,"column":7},"end":{"line":86,"column":1}},"loc":{"start":{"line":84,"column":7},"end":{"line":86,"column":1}},"line":84},"5":{"name":"getStructureIdConfig","decl":{"start":{"line":91,"column":7},"end":{"line":93,"column":1}},"loc":{"start":{"line":91,"column":7},"end":{"line":93,"column":1}},"line":91},"6":{"name":"generateStructureId","decl":{"start":{"line":98,"column":35},"end":{"line":290,"column":1}},"loc":{"start":{"line":98,"column":35},"end":{"line":290,"column":1}},"line":98},"7":{"name":"getType","decl":{"start":{"line":126,"column":17},"end":{"line":131,"column":2}},"loc":{"start":{"line":126,"column":17},"end":{"line":131,"column":2}},"line":126},"8":{"name":"getObjectSignature","decl":{"start":{"line":136,"column":28},"end":{"line":147,"column":2}},"loc":{"start":{"line":136,"column":28},"end":{"line":147,"column":2}},"line":136},"9":{"name":"processStructure","decl":{"start":{"line":152,"column":26},"end":{"line":224,"column":2}},"loc":{"start":{"line":152,"column":26},"end":{"line":224,"column":2}},"line":152},"10":{"name":"calculateIdLevels","decl":{"start":{"line":295,"column":0},"end":{"line":298,"column":1}},"loc":{"start":{"line":295,"column":0},"end":{"line":298,"column":1}},"line":295},"11":{"name":"getStructureInfo","decl":{"start":{"line":303,"column":7},"end":{"line":372,"column":1}},"loc":{"start":{"line":303,"column":7},"end":{"line":372,"column":1}},"line":303},"12":{"name":"resetState","decl":{"start":{"line":378,"column":7},"end":{"line":396,"column":1}},"loc":{"start":{"line":378,"column":7},"end":{"line":396,"column":1}},"line":378},"13":{"name":"getCompactId","decl":{"start":{"line":398,"column":28},"end":{"line":407,"column":1}},"loc":{"start":{"line":398,"column":28},"end":{"line":407,"column":1}},"line":398},"14":{"name":"getCompactInfo","decl":{"start":{"line":409,"column":30},"end":{"line":422,"column":1}},"loc":{"start":{"line":409,"column":30},"end":{"line":422,"column":1}},"line":409}},"f":{"0":38,"1":459,"2":733,"3":1945,"4":57,"5":8,"6":295,"7":1441,"8":733,"9":1441,"10":47,"11":49,"12":105,"13":20,"14":18}}
}
